2025-12-02 12:32:36 - __main__ - INFO - Initializing Enhanced Resume Analyzer with HF & ESCO/O*NET...
2025-12-02 12:32:36 - __main__ - INFO - Loading skill taxonomies...
2025-12-02 12:32:36 - __main__ - INFO - Loaded 4 ESCO skills
2025-12-02 12:32:36 - __main__ - INFO - Loaded 5 O*NET skills
2025-12-02 12:32:36 - __main__ - INFO - Total skill categories: 9
2025-12-02 12:32:41 - __main__ - INFO - Enhanced Resume Analyzer initialized successfully!
2025-12-02 12:32:41 - __main__ - INFO - ======================================================================
2025-12-02 12:32:41 - __main__ - INFO - Starting Enhanced Resume Analysis
2025-12-02 12:32:41 - __main__ - INFO - ======================================================================
2025-12-02 12:32:41 - __main__ - INFO - Extracting text from: input/resumes/resume_python_developer.pdf
2025-12-02 12:32:41 - __main__ - INFO - Cleaning text...
2025-12-02 12:32:41 - __main__ - INFO - Cleaning job description...
2025-12-02 12:32:41 - __main__ - INFO - Extracting skills with traditional NER...
2025-12-02 12:32:41 - __main__ - INFO - Extracting skills with HuggingFace Transformers...
2025-12-02 12:32:41 - __main__ - WARNING - HF extraction failed: 'HFSkillExtractor' object has no attribute 'extract'
2025-12-02 12:32:41 - __main__ - INFO - Extracting requirements from job description...
2025-12-02 12:32:41 - __main__ - INFO - Matching skills...
2025-12-02 12:32:41 - __main__ - INFO - Calculating semantic similarity...
2025-12-02 12:32:41 - __main__ - INFO - Performing semantic skill matching...
2025-12-02 12:32:41 - __main__ - INFO - Scoring match quality...
2025-12-02 12:32:41 - __main__ - INFO - Generating comprehensive report...
2025-12-02 12:32:41 - __main__ - INFO - Report saved to: output\reports\enhanced_report_2025-12-02_12-32-41.json
2025-12-02 12:32:41 - __main__ - INFO - Text report saved to: output\reports\enhanced_report_2025-12-02_12-32-41.txt
2025-12-02 12:32:41 - __main__ - INFO - ======================================================================
2025-12-02 12:32:41 - __main__ - INFO - Analysis Complete! Final Score: 87.0/100
2025-12-02 12:32:41 - __main__ - INFO - Skills extracted - Traditional: 4, HF: 0, Merged: 4
2025-12-02 12:32:41 - __main__ - INFO - ======================================================================
