2025-12-02 12:41:50 - src.main_enhanced - INFO - Initializing Enhanced Resume Analyzer with HF & ESCO/O*NET...
2025-12-02 12:41:50 - src.main_enhanced - INFO - Loading skill taxonomies...
2025-12-02 12:41:50 - src.main_enhanced - INFO - Loaded 4 ESCO skills
2025-12-02 12:41:50 - src.main_enhanced - INFO - Loaded 5 O*NET skills
2025-12-02 12:41:50 - src.main_enhanced - INFO - Total skill categories: 9
2025-12-02 12:41:57 - src.main_enhanced - INFO - Enhanced Resume Analyzer initialized successfully!
2025-12-02 12:41:57 - src.main_enhanced - INFO - ======================================================================
2025-12-02 12:41:57 - src.main_enhanced - INFO - Starting Enhanced Resume Analysis
2025-12-02 12:41:57 - src.main_enhanced - INFO - ======================================================================
2025-12-02 12:41:57 - src.main_enhanced - INFO - Extracting text from: C:\Users\user\AppData\Local\Temp\tmpqbnb02mg.txt
2025-12-02 12:41:57 - src.main_enhanced - INFO - Cleaning text...
2025-12-02 12:41:57 - src.main_enhanced - INFO - Cleaning job description...
2025-12-02 12:41:57 - src.main_enhanced - INFO - Extracting skills with traditional NER...
2025-12-02 12:41:57 - src.main_enhanced - INFO - Extracting skills with HuggingFace Transformers...
2025-12-02 12:41:57 - src.main_enhanced - WARNING - HF extraction failed: 'HFSkillExtractor' object has no attribute 'extract'
2025-12-02 12:41:57 - src.main_enhanced - INFO - Extracting requirements from job description...
2025-12-02 12:41:57 - src.main_enhanced - INFO - Matching skills...
2025-12-02 12:41:57 - src.main_enhanced - INFO - Calculating semantic similarity...
2025-12-02 12:41:57 - src.main_enhanced - INFO - Performing semantic skill matching...
2025-12-02 12:41:57 - src.main_enhanced - INFO - Scoring match quality...
2025-12-02 12:41:57 - src.main_enhanced - INFO - Generating comprehensive report...
2025-12-02 12:41:57 - src.main_enhanced - INFO - Report saved to: output\reports\enhanced_report_2025-12-02_12-41-57.json
2025-12-02 12:41:57 - src.main_enhanced - INFO - Text report saved to: output\reports\enhanced_report_2025-12-02_12-41-57.txt
2025-12-02 12:41:57 - src.main_enhanced - INFO - ======================================================================
2025-12-02 12:41:57 - src.main_enhanced - INFO - Analysis Complete! Final Score: 40.1/100
2025-12-02 12:41:57 - src.main_enhanced - INFO - Skills extracted - Traditional: 1, HF: 0, Merged: 1
2025-12-02 12:41:57 - src.main_enhanced - INFO - ======================================================================
2025-12-02 13:59:41 - src.main_enhanced - INFO - ======================================================================
2025-12-02 13:59:41 - src.main_enhanced - INFO - Starting Enhanced Resume Analysis
2025-12-02 13:59:41 - src.main_enhanced - INFO - ======================================================================
2025-12-02 13:59:41 - src.main_enhanced - INFO - Extracting text from: C:\Users\user\AppData\Local\Temp\tmpcjaq90xi.pdf
2025-12-02 13:59:42 - src.main_enhanced - INFO - Cleaning text...
2025-12-02 13:59:42 - src.main_enhanced - INFO - Cleaning job description...
2025-12-02 13:59:42 - src.main_enhanced - INFO - Extracting skills with traditional NER...
2025-12-02 13:59:42 - src.main_enhanced - INFO - Extracting skills with HuggingFace Transformers...
2025-12-02 13:59:42 - src.main_enhanced - WARNING - HF extraction failed: 'HFSkillExtractor' object has no attribute 'extract'
2025-12-02 13:59:42 - src.main_enhanced - INFO - Extracting requirements from job description...
2025-12-02 13:59:42 - src.main_enhanced - INFO - Matching skills...
2025-12-02 13:59:42 - src.main_enhanced - INFO - Calculating semantic similarity...
2025-12-02 13:59:42 - src.main_enhanced - INFO - Performing semantic skill matching...
2025-12-02 13:59:42 - src.main_enhanced - INFO - Scoring match quality...
2025-12-02 13:59:42 - src.main_enhanced - INFO - Generating comprehensive report...
2025-12-02 13:59:42 - src.main_enhanced - INFO - Report saved to: output\reports\enhanced_report_2025-12-02_13-59-42.json
2025-12-02 13:59:42 - src.main_enhanced - INFO - Text report saved to: output\reports\enhanced_report_2025-12-02_13-59-42.txt
2025-12-02 13:59:42 - src.main_enhanced - INFO - ======================================================================
2025-12-02 13:59:42 - src.main_enhanced - INFO - Analysis Complete! Final Score: 87.0/100
2025-12-02 13:59:42 - src.main_enhanced - INFO - Skills extracted - Traditional: 4, HF: 0, Merged: 4
2025-12-02 13:59:42 - src.main_enhanced - INFO - ======================================================================
2025-12-02 14:02:09 - src.main_enhanced - INFO - ======================================================================
2025-12-02 14:02:09 - src.main_enhanced - INFO - Starting Enhanced Resume Analysis
2025-12-02 14:02:09 - src.main_enhanced - INFO - ======================================================================
2025-12-02 14:02:09 - src.main_enhanced - INFO - Extracting text from: C:\Users\user\AppData\Local\Temp\tmp05amtquy.pdf
2025-12-02 14:02:13 - src.main_enhanced - ERROR - Error extracting text: Could not extract text from PDF: C:\Users\user\AppData\Local\Temp\tmp05amtquy.pdf
This PDF may be:
  • Scanned/image-based (requires OCR)
  • Corrupted or password-protected
  • Empty
Please convert to .txt or .docx format.
2025-12-02 14:02:13 - src.main_enhanced - ERROR - Error during analysis: Could not extract text from PDF: C:\Users\user\AppData\Local\Temp\tmp05amtquy.pdf
This PDF may be:
  • Scanned/image-based (requires OCR)
  • Corrupted or password-protected
  • Empty
Please convert to .txt or .docx format.
2025-12-02 14:03:36 - src.main_enhanced - INFO - ======================================================================
2025-12-02 14:03:36 - src.main_enhanced - INFO - Starting Enhanced Resume Analysis
2025-12-02 14:03:36 - src.main_enhanced - INFO - ======================================================================
2025-12-02 14:03:36 - src.main_enhanced - INFO - Extracting text from: C:\Users\user\AppData\Local\Temp\tmpesohpbng.pdf
2025-12-02 14:03:36 - src.main_enhanced - INFO - Cleaning text...
2025-12-02 14:03:36 - src.main_enhanced - INFO - Cleaning job description...
2025-12-02 14:03:36 - src.main_enhanced - INFO - Extracting skills with traditional NER...
2025-12-02 14:03:36 - src.main_enhanced - INFO - Extracting skills with HuggingFace Transformers...
2025-12-02 14:03:36 - src.main_enhanced - WARNING - HF extraction failed: 'HFSkillExtractor' object has no attribute 'extract'
2025-12-02 14:03:36 - src.main_enhanced - INFO - Extracting requirements from job description...
2025-12-02 14:03:36 - src.main_enhanced - INFO - Matching skills...
2025-12-02 14:03:36 - src.main_enhanced - INFO - Calculating semantic similarity...
2025-12-02 14:03:36 - src.main_enhanced - INFO - Performing semantic skill matching...
2025-12-02 14:03:36 - src.main_enhanced - INFO - Scoring match quality...
2025-12-02 14:03:36 - src.main_enhanced - INFO - Generating comprehensive report...
2025-12-02 14:03:36 - src.main_enhanced - INFO - Report saved to: output\reports\enhanced_report_2025-12-02_14-03-36.json
2025-12-02 14:03:36 - src.main_enhanced - INFO - Text report saved to: output\reports\enhanced_report_2025-12-02_14-03-36.txt
2025-12-02 14:03:36 - src.main_enhanced - INFO - ======================================================================
2025-12-02 14:03:36 - src.main_enhanced - INFO - Analysis Complete! Final Score: 69.9/100
2025-12-02 14:03:36 - src.main_enhanced - INFO - Skills extracted - Traditional: 4, HF: 0, Merged: 4
2025-12-02 14:03:36 - src.main_enhanced - INFO - ======================================================================
2025-12-02 14:04:05 - src.main_enhanced - INFO - ======================================================================
2025-12-02 14:04:05 - src.main_enhanced - INFO - Starting Enhanced Resume Analysis
2025-12-02 14:04:05 - src.main_enhanced - INFO - ======================================================================
2025-12-02 14:04:05 - src.main_enhanced - INFO - Extracting text from: C:\Users\user\AppData\Local\Temp\tmpqt8p_bit.pdf
2025-12-02 14:04:05 - src.main_enhanced - INFO - Cleaning text...
2025-12-02 14:04:05 - src.main_enhanced - INFO - Cleaning job description...
2025-12-02 14:04:05 - src.main_enhanced - INFO - Extracting skills with traditional NER...
2025-12-02 14:04:05 - src.main_enhanced - INFO - Extracting skills with HuggingFace Transformers...
2025-12-02 14:04:05 - src.main_enhanced - WARNING - HF extraction failed: 'HFSkillExtractor' object has no attribute 'extract'
2025-12-02 14:04:05 - src.main_enhanced - INFO - Extracting requirements from job description...
2025-12-02 14:04:05 - src.main_enhanced - INFO - Matching skills...
2025-12-02 14:04:05 - src.main_enhanced - INFO - Calculating semantic similarity...
2025-12-02 14:04:05 - src.main_enhanced - INFO - Performing semantic skill matching...
2025-12-02 14:04:05 - src.main_enhanced - INFO - Scoring match quality...
2025-12-02 14:04:05 - src.main_enhanced - INFO - Generating comprehensive report...
2025-12-02 14:04:05 - src.main_enhanced - INFO - Report saved to: output\reports\enhanced_report_2025-12-02_14-04-05.json
2025-12-02 14:04:05 - src.main_enhanced - INFO - Text report saved to: output\reports\enhanced_report_2025-12-02_14-04-05.txt
2025-12-02 14:04:05 - src.main_enhanced - INFO - ======================================================================
2025-12-02 14:04:05 - src.main_enhanced - INFO - Analysis Complete! Final Score: 76.3/100
2025-12-02 14:04:05 - src.main_enhanced - INFO - Skills extracted - Traditional: 4, HF: 0, Merged: 4
2025-12-02 14:04:05 - src.main_enhanced - INFO - ======================================================================
2025-12-02 14:08:46 - src.main_enhanced - INFO - ======================================================================
2025-12-02 14:08:46 - src.main_enhanced - INFO - Starting Enhanced Resume Analysis
2025-12-02 14:08:46 - src.main_enhanced - INFO - ======================================================================
2025-12-02 14:08:46 - src.main_enhanced - INFO - Extracting text from: C:\Users\user\AppData\Local\Temp\tmp24fpotet.pdf
2025-12-02 14:08:46 - src.main_enhanced - INFO - Cleaning text...
2025-12-02 14:08:46 - src.main_enhanced - INFO - Cleaning job description...
2025-12-02 14:08:46 - src.main_enhanced - INFO - Extracting skills with traditional NER...
2025-12-02 14:08:46 - src.main_enhanced - INFO - Extracting skills with HuggingFace Transformers...
2025-12-02 14:08:46 - src.main_enhanced - WARNING - HF extraction failed: 'HFSkillExtractor' object has no attribute 'extract'
2025-12-02 14:08:46 - src.main_enhanced - INFO - Extracting requirements from job description...
2025-12-02 14:08:46 - src.main_enhanced - INFO - Matching skills...
2025-12-02 14:08:46 - src.main_enhanced - INFO - Calculating semantic similarity...
2025-12-02 14:08:46 - src.main_enhanced - INFO - Performing semantic skill matching...
2025-12-02 14:08:47 - src.main_enhanced - INFO - Scoring match quality...
2025-12-02 14:08:47 - src.main_enhanced - INFO - Generating comprehensive report...
2025-12-02 14:08:47 - src.main_enhanced - INFO - Report saved to: output\reports\enhanced_report_2025-12-02_14-08-47.json
2025-12-02 14:08:47 - src.main_enhanced - INFO - Text report saved to: output\reports\enhanced_report_2025-12-02_14-08-47.txt
2025-12-02 14:08:47 - src.main_enhanced - INFO - ======================================================================
2025-12-02 14:08:47 - src.main_enhanced - INFO - Analysis Complete! Final Score: 64.3/100
2025-12-02 14:08:47 - src.main_enhanced - INFO - Skills extracted - Traditional: 4, HF: 0, Merged: 4
2025-12-02 14:08:47 - src.main_enhanced - INFO - ======================================================================
2025-12-02 14:10:02 - src.main_enhanced - INFO - Initializing Enhanced Resume Analyzer with HF & ESCO/O*NET...
2025-12-02 14:10:02 - src.main_enhanced - INFO - Loading skill taxonomies...
2025-12-02 14:10:02 - src.main_enhanced - INFO - Loaded 4 ESCO skills
2025-12-02 14:10:02 - src.main_enhanced - INFO - Loaded 5 O*NET skills
2025-12-02 14:10:02 - src.main_enhanced - INFO - Total skill categories: 9
2025-12-02 14:10:09 - src.main_enhanced - INFO - Enhanced Resume Analyzer initialized successfully!
2025-12-02 14:10:10 - src.main_enhanced - INFO - ======================================================================
2025-12-02 14:10:10 - src.main_enhanced - INFO - Starting Enhanced Resume Analysis
2025-12-02 14:10:10 - src.main_enhanced - INFO - ======================================================================
2025-12-02 14:10:10 - src.main_enhanced - INFO - Extracting text from: C:\Users\user\AppData\Local\Temp\tmpvzcxj6t_.pdf
2025-12-02 14:10:10 - src.main_enhanced - INFO - Cleaning text...
2025-12-02 14:10:10 - src.main_enhanced - INFO - Cleaning job description...
2025-12-02 14:10:10 - src.main_enhanced - INFO - Extracting skills with traditional NER...
2025-12-02 14:10:10 - src.main_enhanced - INFO - Extracting skills with HuggingFace Transformers...
2025-12-02 14:10:10 - src.main_enhanced - WARNING - HF extraction failed: 'HFSkillExtractor' object has no attribute 'extract'
2025-12-02 14:10:10 - src.main_enhanced - INFO - Extracting requirements from job description...
2025-12-02 14:10:10 - src.main_enhanced - INFO - Matching skills...
2025-12-02 14:10:10 - src.main_enhanced - INFO - Calculating semantic similarity...
2025-12-02 14:10:10 - src.main_enhanced - INFO - Performing semantic skill matching...
2025-12-02 14:10:10 - src.main_enhanced - INFO - Scoring match quality...
2025-12-02 14:10:10 - src.main_enhanced - INFO - Generating comprehensive report...
2025-12-02 14:10:10 - src.main_enhanced - INFO - Report saved to: output\reports\enhanced_report_2025-12-02_14-10-10.json
2025-12-02 14:10:10 - src.main_enhanced - INFO - Text report saved to: output\reports\enhanced_report_2025-12-02_14-10-10.txt
2025-12-02 14:10:10 - src.main_enhanced - INFO - ======================================================================
2025-12-02 14:10:10 - src.main_enhanced - INFO - Analysis Complete! Final Score: 74.7/100
2025-12-02 14:10:10 - src.main_enhanced - INFO - Skills extracted - Traditional: 4, HF: 0, Merged: 4
2025-12-02 14:10:10 - src.main_enhanced - INFO - ======================================================================
2025-12-02 15:15:11 - src.main_enhanced - INFO - Initializing Enhanced Resume Analyzer with HF & ESCO/O*NET...
2025-12-02 15:15:11 - src.main_enhanced - INFO - Loading skill taxonomies...
2025-12-02 15:15:11 - src.main_enhanced - INFO - Loaded 4 ESCO skills
2025-12-02 15:15:11 - src.main_enhanced - INFO - Loaded 5 O*NET skills
2025-12-02 15:15:11 - src.main_enhanced - INFO - Total skill categories: 9
2025-12-02 15:15:18 - src.main_enhanced - INFO - Enhanced Resume Analyzer initialized successfully!
2025-12-02 15:15:18 - src.main_enhanced - INFO - ======================================================================
2025-12-02 15:15:18 - src.main_enhanced - INFO - Starting Enhanced Resume Analysis
2025-12-02 15:15:18 - src.main_enhanced - INFO - ======================================================================
2025-12-02 15:15:18 - src.main_enhanced - INFO - Extracting text from: C:\Users\user\AppData\Local\Temp\tmp_rix6bbp.pdf
2025-12-02 15:15:18 - src.main_enhanced - INFO - Cleaning text...
2025-12-02 15:15:18 - src.main_enhanced - INFO - Cleaning job description...
2025-12-02 15:15:18 - src.main_enhanced - INFO - Extracting skills with traditional NER...
2025-12-02 15:15:18 - src.main_enhanced - INFO - Extracting skills with HuggingFace Transformers...
2025-12-02 15:15:18 - src.main_enhanced - WARNING - HF extraction failed: 'HFSkillExtractor' object has no attribute 'extract'
2025-12-02 15:15:18 - src.main_enhanced - INFO - Extracting requirements from job description...
2025-12-02 15:15:18 - src.main_enhanced - INFO - Matching skills...
2025-12-02 15:15:18 - src.main_enhanced - INFO - Calculating semantic similarity...
2025-12-02 15:15:19 - src.main_enhanced - INFO - Performing semantic skill matching...
2025-12-02 15:15:19 - src.main_enhanced - INFO - Scoring match quality...
2025-12-02 15:15:19 - src.main_enhanced - INFO - Generating comprehensive report...
2025-12-02 15:15:19 - src.main_enhanced - INFO - Report saved to: output\reports\enhanced_report_2025-12-02_15-15-19.json
2025-12-02 15:15:19 - src.main_enhanced - INFO - Text report saved to: output\reports\enhanced_report_2025-12-02_15-15-19.txt
2025-12-02 15:15:19 - src.main_enhanced - INFO - ======================================================================
2025-12-02 15:15:19 - src.main_enhanced - INFO - Analysis Complete! Final Score: 73.9/100
2025-12-02 15:15:19 - src.main_enhanced - INFO - Skills extracted - Traditional: 4, HF: 0, Merged: 4
2025-12-02 15:15:19 - src.main_enhanced - INFO - ======================================================================
2025-12-02 15:35:12 - src.main_enhanced - INFO - ======================================================================
2025-12-02 15:35:12 - src.main_enhanced - INFO - Starting Enhanced Resume Analysis
2025-12-02 15:35:12 - src.main_enhanced - INFO - ======================================================================
2025-12-02 15:35:12 - src.main_enhanced - INFO - Extracting text from: C:\Users\user\AppData\Local\Temp\tmpw9etxr1q.pdf
2025-12-02 15:35:13 - src.main_enhanced - INFO - Cleaning text...
2025-12-02 15:35:13 - src.main_enhanced - INFO - Cleaning job description...
2025-12-02 15:35:13 - src.main_enhanced - INFO - Extracting skills with traditional NER...
2025-12-02 15:35:13 - src.main_enhanced - INFO - Extracting skills with HuggingFace Transformers...
2025-12-02 15:35:13 - src.main_enhanced - WARNING - HF extraction failed: 'HFSkillExtractor' object has no attribute 'extract'
2025-12-02 15:35:13 - src.main_enhanced - INFO - Extracting requirements from job description...
2025-12-02 15:35:13 - src.main_enhanced - INFO - Matching skills...
2025-12-02 15:35:13 - src.main_enhanced - INFO - Calculating semantic similarity...
2025-12-02 15:35:13 - src.main_enhanced - INFO - Performing semantic skill matching...
2025-12-02 15:35:13 - src.main_enhanced - INFO - Scoring match quality...
2025-12-02 15:35:13 - src.main_enhanced - INFO - Generating comprehensive report...
2025-12-02 15:35:13 - src.main_enhanced - INFO - Report saved to: output\reports\enhanced_report_2025-12-02_15-35-13.json
2025-12-02 15:35:13 - src.main_enhanced - INFO - Text report saved to: output\reports\enhanced_report_2025-12-02_15-35-13.txt
2025-12-02 15:35:13 - src.main_enhanced - INFO - ======================================================================
2025-12-02 15:35:13 - src.main_enhanced - INFO - Analysis Complete! Final Score: 82.1/100
2025-12-02 15:35:13 - src.main_enhanced - INFO - Skills extracted - Traditional: 5, HF: 0, Merged: 5
2025-12-02 15:35:13 - src.main_enhanced - INFO - ======================================================================
