2025-12-03 08:24:56 - src.main_enhanced - INFO - Initializing Enhanced Resume Analyzer with HF & ESCO/O*NET...
2025-12-03 08:24:56 - src.main_enhanced - INFO - Loading skill taxonomies...
2025-12-03 08:24:56 - src.main_enhanced - INFO - Loaded 4 ESCO skills
2025-12-03 08:24:56 - src.main_enhanced - INFO - Loaded 5 O*NET skills
2025-12-03 08:24:56 - src.main_enhanced - INFO - Total skill categories: 9
2025-12-03 08:25:06 - src.main_enhanced - INFO - Enhanced Resume Analyzer initialized successfully!
2025-12-03 08:25:06 - src.main_enhanced - INFO - ======================================================================
2025-12-03 08:25:06 - src.main_enhanced - INFO - Starting Enhanced Resume Analysis
2025-12-03 08:25:06 - src.main_enhanced - INFO - ======================================================================
2025-12-03 08:25:06 - src.main_enhanced - INFO - Extracting text from: C:\Users\user\AppData\Local\Temp\tmp6wngfssf.pdf
2025-12-03 08:25:07 - src.main_enhanced - INFO - Extracted 1814 characters
2025-12-03 08:25:07 - src.main_enhanced - INFO - Cleaning text...
2025-12-03 08:25:07 - src.main_enhanced - INFO - Cleaned to 1790 characters
2025-12-03 08:25:07 - src.main_enhanced - INFO - Cleaning job description...
2025-12-03 08:25:07 - src.main_enhanced - INFO - Extracting skills with traditional NER...
2025-12-03 08:25:07 - src.main_enhanced - INFO - Extracting skills with HuggingFace Transformers...
2025-12-03 08:25:07 - src.main_enhanced - WARNING - HF extraction failed: 'HFSkillExtractor' object has no attribute 'extract'
2025-12-03 08:25:07 - src.main_enhanced - INFO - Extracting requirements from job description...
2025-12-03 08:25:07 - src.main_enhanced - INFO - Matching skills...
2025-12-03 08:25:07 - src.main_enhanced - INFO - Calculating semantic similarity...
2025-12-03 08:25:07 - src.main_enhanced - INFO - Performing semantic skill matching...
2025-12-03 08:25:07 - src.main_enhanced - INFO - Scoring match quality...
2025-12-03 08:25:07 - src.main_enhanced - INFO - Generating comprehensive report...
2025-12-03 08:25:07 - src.main_enhanced - INFO - Report saved to: output\reports\enhanced_report_2025-12-03_08-25-07.json
2025-12-03 08:25:07 - src.main_enhanced - INFO - Text report saved to: output\reports\enhanced_report_2025-12-03_08-25-07.txt
2025-12-03 08:25:07 - src.main_enhanced - INFO - ======================================================================
2025-12-03 08:25:07 - src.main_enhanced - INFO - Analysis Complete! Final Score: 79.8/100
2025-12-03 08:25:07 - src.main_enhanced - INFO - Skills extracted - Traditional: 5, HF: 0, Merged: 5
2025-12-03 08:25:07 - src.main_enhanced - INFO - ======================================================================
