2025-12-02 10:43:56 - ResumeAnalyzer - INFO - Initializing Enhanced Resume Analyzer with HF & ESCO/O*NET...
2025-12-02 10:43:56 - ResumeAnalyzer - INFO - Loading skill taxonomies...
2025-12-02 10:43:56 - ResumeAnalyzer - INFO - Loading ESCO taxonomy...
2025-12-02 10:43:56 - ResumeAnalyzer - INFO - Loading O*NET taxonomy...
2025-12-02 10:43:56 - ResumeAnalyzer - INFO - Total skill categories: 16
2025-12-02 10:43:57 - ResumeAnalyzer - INFO - Loading HuggingFace Transformer model...
2025-12-02 10:44:02 - ResumeAnalyzer - INFO - Enhanced Resume Analyzer initialized successfully!
2025-12-02 10:44:02 - ResumeAnalyzer - INFO - ======================================================================
2025-12-02 10:44:02 - ResumeAnalyzer - INFO - Starting Enhanced Resume Analysis
2025-12-02 10:44:02 - ResumeAnalyzer - INFO - ======================================================================
2025-12-02 10:44:02 - ResumeAnalyzer - INFO - Extracting text from: input/resumes/resume.txt
2025-12-02 10:44:02 - ResumeAnalyzer - INFO - Extracted 881 characters
2025-12-02 10:44:02 - ResumeAnalyzer - INFO - Cleaning text...
2025-12-02 10:44:02 - ResumeAnalyzer - INFO - Extracting skills with traditional NER...
2025-12-02 10:44:02 - ResumeAnalyzer - INFO - Extracting skills with HuggingFace Transformers...
2025-12-02 10:44:03 - ResumeAnalyzer - INFO - Merging skill extraction results...
2025-12-02 10:44:03 - ResumeAnalyzer - INFO - Extracting requirements from job description...
2025-12-02 10:44:03 - ResumeAnalyzer - INFO - Analyzing job description with HuggingFace...
2025-12-02 10:44:03 - ResumeAnalyzer - INFO - Matching skills...
2025-12-02 10:44:03 - ResumeAnalyzer - INFO - Calculating semantic similarity...
2025-12-02 10:44:03 - ResumeAnalyzer - INFO - Performing semantic skill matching...
2025-12-02 10:44:03 - ResumeAnalyzer - INFO - Scoring match quality...
