2025-12-02 12:25:51 - __main__ - INFO - Initializing Enhanced Resume Analyzer with HF & ESCO/O*NET...
2025-12-02 12:25:51 - __main__ - INFO - Loading skill taxonomies...
2025-12-02 12:25:52 - __main__ - INFO - Loaded 4 ESCO skills
2025-12-02 12:25:52 - __main__ - INFO - Loaded 5 O*NET skills
2025-12-02 12:25:52 - __main__ - INFO - Total skill categories: 9
2025-12-02 12:25:58 - __main__ - INFO - Enhanced Resume Analyzer initialized successfully!
2025-12-02 12:25:58 - __main__ - INFO - ======================================================================
2025-12-02 12:25:58 - __main__ - INFO - Starting Enhanced Resume Analysis
2025-12-02 12:25:58 - __main__ - INFO - ======================================================================
2025-12-02 12:25:58 - __main__ - INFO - Extracting text from: input/resumes/resume_python_developer.pdf
2025-12-02 12:25:59 - __main__ - INFO - Cleaning text...
2025-12-02 12:25:59 - __main__ - INFO - Cleaning job description...
2025-12-02 12:25:59 - __main__ - INFO - Extracting skills with traditional NER...
2025-12-02 12:25:59 - __main__ - INFO - Extracting skills with HuggingFace Transformers...
2025-12-02 12:25:59 - __main__ - WARNING - HF extraction failed: 'HFSkillExtractor' object has no attribute 'extract'
2025-12-02 12:25:59 - __main__ - INFO - Extracting requirements from job description...
2025-12-02 12:25:59 - __main__ - INFO - Matching skills...
2025-12-02 12:25:59 - __main__ - INFO - Calculating semantic similarity...
2025-12-02 12:25:59 - __main__ - INFO - Performing semantic skill matching...
2025-12-02 12:25:59 - __main__ - ERROR - Error during analysis: 0
